# JRE version: Java(TM) SE Runtime Environment (17.0.12+8) (build 17.0.12+8-LTS-286)
# Java VM: Java HotSpot(TM) 64-Bit Server VM (17.0.12+8-LTS-286, mixed mode, sharing, tiered, compressed oops, compressed class ptrs, g1 gc, windows-amd64)
GC Precious Log:
 CPUs: 2 total, 2 available
 Memory: 3918M
 Large Page Support: Disabled
 NUMA Support: Disabled
 Compressed Oops: Enabled (32-bit)
 Heap Region Size: 1M
 Heap Min Capacity: 8M
 Heap Initial Capacity: 62M
 Heap Max Capacity: 980M
 Pre-touch: Disabled
 Parallel Workers: 2
 Concurrent Workers: 1
 Concurrent Refinement Workers: 2
 Periodic GC: Disabled
Heap:
 garbage-first heap   total 193536K, used 150961K [0x00000000c2c00000, 0x0000000100000000)
  region size 1024K, 37 young (37888K), 3 survivors (3072K)
 Metaspace       used 78042K, committed 78336K, reserved 1179648K
  class space    used 8154K, committed 8320K, reserved 1048576K
GC Heap History (20 events):
Event: 145.750 GC heap before
{Heap before GC invocations=67 (full 0):
 garbage-first heap   total 128000K, used 111787K [0x00000000c2c00000, 0x0000000100000000)
  region size 1024K, 6 young (6144K), 1 survivors (1024K)
 Metaspace       used 64642K, committed 64960K, reserved 1114112K
  class space    used 7003K, committed 7168K, reserved 1048576K
}
Event: 145.760 GC heap after
{Heap after GC invocations=68 (full 0):
 garbage-first heap   total 128000K, used 109738K [0x00000000c2c00000, 0x0000000100000000)
  region size 1024K, 1 young (1024K), 1 survivors (1024K)
 Metaspace       used 64642K, committed 64960K, reserved 1114112K
  class space    used 7003K, committed 7168K, reserved 1048576K
}
Event: 146.473 GC heap before
{Heap before GC invocations=68 (full 0):
 garbage-first heap   total 128000K, used 114858K [0x00000000c2c00000, 0x0000000100000000)
  region size 1024K, 6 young (6144K), 1 survivors (1024K)
 Metaspace       used 65344K, committed 65664K, reserved 1114112K
  class space    used 7103K, committed 7232K, reserved 1048576K
}
Event: 146.486 GC heap after
{Heap after GC invocations=69 (full 0):
 garbage-first heap   total 128000K, used 111837K [0x00000000c2c00000, 0x0000000100000000)
  region size 1024K, 1 young (1024K), 1 survivors (1024K)
 Metaspace       used 65344K, committed 65664K, reserved 1114112K
  class space    used 7103K, committed 7232K, reserved 1048576K
}
Event: 148.341 GC heap before
{Heap before GC invocations=70 (full 0):
 garbage-first heap   total 193536K, used 116957K [0x00000000c2c00000, 0x0000000100000000)
  region size 1024K, 9 young (9216K), 1 survivors (1024K)
 Metaspace       used 66552K, committed 66880K, reserved 1114112K
  class space    used 7230K, committed 7360K, reserved 1048576K
}
Event: 148.346 GC heap after
{Heap after GC invocations=71 (full 0):
 garbage-first heap   total 193536K, used 110093K [0x00000000c2c00000, 0x0000000100000000)
  region size 1024K, 2 young (2048K), 2 survivors (2048K)
 Metaspace       used 66552K, committed 66880K, reserved 1114112K
  class space    used 7230K, committed 7360K, reserved 1048576K
}
Event: 149.660 GC heap before
{Heap before GC invocations=71 (full 0):
 garbage-first heap   total 193536K, used 117261K [0x00000000c2c00000, 0x0000000100000000)
  region size 1024K, 9 young (9216K), 2 survivors (2048K)
 Metaspace       used 67907K, committed 68288K, reserved 1114112K
  class space    used 7312K, committed 7488K, reserved 1048576K
}
Event: 149.677 GC heap after
{Heap after GC invocations=72 (full 0):
 garbage-first heap   total 193536K, used 105385K [0x00000000c2c00000, 0x0000000100000000)
  region size 1024K, 1 young (1024K), 1 survivors (1024K)
 Metaspace       used 67907K, committed 68288K, reserved 1114112K
  class space    used 7312K, committed 7488K, reserved 1048576K
}
Event: 153.474 GC heap before
{Heap before GC invocations=72 (full 0):
 garbage-first heap   total 193536K, used 141225K [0x00000000c2c00000, 0x0000000100000000)
  region size 1024K, 36 young (36864K), 1 survivors (1024K)
 Metaspace       used 71876K, committed 72192K, reserved 1114112K
  class space    used 7682K, committed 7808K, reserved 1048576K
}
Event: 153.491 GC heap after
{Heap after GC invocations=73 (full 0):
 garbage-first heap   total 193536K, used 109314K [0x00000000c2c00000, 0x0000000100000000)
  region size 1024K, 5 young (5120K), 5 survivors (5120K)
 Metaspace       used 71876K, committed 72192K, reserved 1114112K
  class space    used 7682K, committed 7808K, reserved 1048576K
}
Event: 156.643 GC heap before
{Heap before GC invocations=73 (full 0):
 garbage-first heap   total 193536K, used 145154K [0x00000000c2c00000, 0x0000000100000000)
  region size 1024K, 40 young (40960K), 5 survivors (5120K)
 Metaspace       used 73749K, committed 74112K, reserved 1179648K
  class space    used 7838K, committed 8000K, reserved 1048576K
}
Event: 156.665 GC heap after
{Heap after GC invocations=74 (full 0):
 garbage-first heap   total 193536K, used 111269K [0x00000000c2c00000, 0x0000000100000000)
  region size 1024K, 2 young (2048K), 2 survivors (2048K)
 Metaspace       used 73749K, committed 74112K, reserved 1179648K
  class space    used 7838K, committed 8000K, reserved 1048576K
}
Event: 160.315 GC heap before
{Heap before GC invocations=74 (full 0):
 garbage-first heap   total 193536K, used 150181K [0x00000000c2c00000, 0x0000000100000000)
  region size 1024K, 40 young (40960K), 2 survivors (2048K)
 Metaspace       used 74762K, committed 75072K, reserved 1179648K
  class space    used 7902K, committed 8064K, reserved 1048576K
}
Event: 160.332 GC heap after
{Heap after GC invocations=75 (full 0):
 garbage-first heap   total 193536K, used 112293K [0x00000000c2c00000, 0x0000000100000000)
  region size 1024K, 3 young (3072K), 3 survivors (3072K)
 Metaspace       used 74762K, committed 75072K, reserved 1179648K
  class space    used 7902K, committed 8064K, reserved 1048576K
}
Event: 162.308 GC heap before
{Heap before GC invocations=75 (full 0):
 garbage-first heap   total 193536K, used 156325K [0x00000000c2c00000, 0x0000000100000000)
  region size 1024K, 46 young (47104K), 3 survivors (3072K)
 Metaspace       used 75174K, committed 75456K, reserved 1179648K
  class space    used 7929K, committed 8064K, reserved 1048576K
}
Event: 162.331 GC heap after
{Heap after GC invocations=76 (full 0):
 garbage-first heap   total 193536K, used 114341K [0x00000000c2c00000, 0x0000000100000000)
  region size 1024K, 5 young (5120K), 5 survivors (5120K)
 Metaspace       used 75174K, committed 75456K, reserved 1179648K
  class space    used 7929K, committed 8064K, reserved 1048576K
}
Event: 163.864 GC heap before
{Heap before GC invocations=76 (full 0):
 garbage-first heap   total 193536K, used 157349K [0x00000000c2c00000, 0x0000000100000000)
  region size 1024K, 47 young (48128K), 5 survivors (5120K)
 Metaspace       used 75408K, committed 75712K, reserved 1179648K
  class space    used 7933K, committed 8064K, reserved 1048576K
}
Event: 163.893 GC heap after
{Heap after GC invocations=77 (full 0):
 garbage-first heap   total 193536K, used 115930K [0x00000000c2c00000, 0x0000000100000000)
  region size 1024K, 4 young (4096K), 4 survivors (4096K)
 Metaspace       used 75408K, committed 75712K, reserved 1179648K
  class space    used 7933K, committed 8064K, reserved 1048576K
}
Event: 167.149 GC heap before
{Heap before GC invocations=77 (full 0):
 garbage-first heap   total 193536K, used 158938K [0x00000000c2c00000, 0x0000000100000000)
  region size 1024K, 46 young (47104K), 4 survivors (4096K)
 Metaspace       used 75712K, committed 76032K, reserved 1179648K
  class space    used 7954K, committed 8128K, reserved 1048576K
}
Event: 167.175 GC heap after
{Heap after GC invocations=78 (full 0):
 garbage-first heap   total 193536K, used 117169K [0x00000000c2c00000, 0x0000000100000000)
  region size 1024K, 3 young (3072K), 3 survivors (3072K)
 Metaspace       used 75712K, committed 76032K, reserved 1179648K
  class space    used 7954K, committed 8128K, reserved 1048576K
}

