# JRE version: Java(TM) SE Runtime Environment (17.0.12+8) (build 17.0.12+8-LTS-286)
# Java VM: Java HotSpot(TM) 64-Bit Server VM (17.0.12+8-LTS-286, mixed mode, sharing, tiered, compressed oops, compressed class ptrs, g1 gc, windows-amd64)
GC Precious Log:
 CPUs: 2 total, 2 available
 Memory: 3918M
 Large Page Support: Disabled
 NUMA Support: Disabled
 Compressed Oops: Enabled (32-bit)
 Heap Region Size: 1M
 Heap Min Capacity: 8M
 Heap Initial Capacity: 62M
 Heap Max Capacity: 2G
 Pre-touch: Disabled
 Parallel Workers: 2
 Concurrent Workers: 1
 Concurrent Refinement Workers: 2
 Periodic GC: Disabled
Heap:
 garbage-first heap   total 444416K, used 409600K [0x0000000080000000, 0x0000000100000000)
  region size 1024K, 16 young (16384K), 3 survivors (3072K)
 Metaspace       used 126060K, committed 128128K, reserved 557056K
  class space    used 17149K, committed 18112K, reserved 425984K
GC Heap History (20 events):
Event: 1157.668 GC heap before
{Heap before GC invocations=87 (full 0):
 garbage-first heap   total 444416K, used 390453K [0x0000000080000000, 0x0000000100000000)
  region size 1024K, 32 young (32768K), 5 survivors (5120K)
 Metaspace       used 125493K, committed 127488K, reserved 557056K
  class space    used 17117K, committed 18048K, reserved 425984K
}
Event: 1157.982 GC heap after
{Heap after GC invocations=88 (full 0):
 garbage-first heap   total 444416K, used 364720K [0x0000000080000000, 0x0000000100000000)
  region size 1024K, 1 young (1024K), 1 survivors (1024K)
 Metaspace       used 125493K, committed 127488K, reserved 557056K
  class space    used 17117K, committed 18048K, reserved 425984K
}
Event: 1397.773 GC heap before
{Heap before GC invocations=88 (full 0):
 garbage-first heap   total 444416K, used 392368K [0x0000000080000000, 0x0000000100000000)
  region size 1024K, 29 young (29696K), 1 survivors (1024K)
 Metaspace       used 125622K, committed 127616K, reserved 557056K
  class space    used 17123K, committed 18048K, reserved 425984K
}
Event: 1397.869 GC heap after
{Heap after GC invocations=89 (full 0):
 garbage-first heap   total 444416K, used 366863K [0x0000000080000000, 0x0000000100000000)
  region size 1024K, 3 young (3072K), 3 survivors (3072K)
 Metaspace       used 125622K, committed 127616K, reserved 557056K
  class space    used 17123K, committed 18048K, reserved 425984K
}
Event: 1402.993 GC heap before
{Heap before GC invocations=89 (full 0):
 garbage-first heap   total 444416K, used 391439K [0x0000000080000000, 0x0000000100000000)
  region size 1024K, 28 young (28672K), 3 survivors (3072K)
 Metaspace       used 125687K, committed 127680K, reserved 557056K
  class space    used 17126K, committed 18048K, reserved 425984K
}
Event: 1403.036 GC heap after
{Heap after GC invocations=90 (full 0):
 garbage-first heap   total 444416K, used 369743K [0x0000000080000000, 0x0000000100000000)
  region size 1024K, 3 young (3072K), 3 survivors (3072K)
 Metaspace       used 125687K, committed 127680K, reserved 557056K
  class space    used 17126K, committed 18048K, reserved 425984K
}
Event: 1421.773 GC heap before
{Heap before GC invocations=90 (full 0):
 garbage-first heap   total 444416K, used 390223K [0x0000000080000000, 0x0000000100000000)
  region size 1024K, 24 young (24576K), 3 survivors (3072K)
 Metaspace       used 125809K, committed 127808K, reserved 557056K
  class space    used 17136K, committed 18048K, reserved 425984K
}
Event: 1421.824 GC heap after
{Heap after GC invocations=91 (full 0):
 garbage-first heap   total 444416K, used 374216K [0x0000000080000000, 0x0000000100000000)
  region size 1024K, 3 young (3072K), 3 survivors (3072K)
 Metaspace       used 125809K, committed 127808K, reserved 557056K
  class space    used 17136K, committed 18048K, reserved 425984K
}
Event: 1423.277 GC heap before
{Heap before GC invocations=91 (full 0):
 garbage-first heap   total 444416K, used 391624K [0x0000000080000000, 0x0000000100000000)
  region size 1024K, 21 young (21504K), 3 survivors (3072K)
 Metaspace       used 125855K, committed 127872K, reserved 557056K
  class space    used 17140K, committed 18048K, reserved 425984K
}
Event: 1423.318 GC heap after
{Heap after GC invocations=92 (full 0):
 garbage-first heap   total 444416K, used 378880K [0x0000000080000000, 0x0000000100000000)
  region size 1024K, 3 young (3072K), 3 survivors (3072K)
 Metaspace       used 125855K, committed 127872K, reserved 557056K
  class space    used 17140K, committed 18048K, reserved 425984K
}
Event: 1424.755 GC heap before
{Heap before GC invocations=92 (full 0):
 garbage-first heap   total 444416K, used 396288K [0x0000000080000000, 0x0000000100000000)
  region size 1024K, 21 young (21504K), 3 survivors (3072K)
 Metaspace       used 125884K, committed 127872K, reserved 557056K
  class space    used 17141K, committed 18048K, reserved 425984K
}
Event: 1424.800 GC heap after
{Heap after GC invocations=93 (full 0):
 garbage-first heap   total 444416K, used 383835K [0x0000000080000000, 0x0000000100000000)
  region size 1024K, 3 young (3072K), 3 survivors (3072K)
 Metaspace       used 125884K, committed 127872K, reserved 557056K
  class space    used 17141K, committed 18048K, reserved 425984K
}
Event: 1426.540 GC heap before
{Heap before GC invocations=93 (full 0):
 garbage-first heap   total 444416K, used 402267K [0x0000000080000000, 0x0000000100000000)
  region size 1024K, 21 young (21504K), 3 survivors (3072K)
 Metaspace       used 125903K, committed 127936K, reserved 557056K
  class space    used 17142K, committed 18048K, reserved 425984K
}
Event: 1426.586 GC heap after
{Heap after GC invocations=94 (full 0):
 garbage-first heap   total 444416K, used 388530K [0x0000000080000000, 0x0000000100000000)
  region size 1024K, 3 young (3072K), 3 survivors (3072K)
 Metaspace       used 125903K, committed 127936K, reserved 557056K
  class space    used 17142K, committed 18048K, reserved 425984K
}
Event: 1428.288 GC heap before
{Heap before GC invocations=94 (full 0):
 garbage-first heap   total 444416K, used 406962K [0x0000000080000000, 0x0000000100000000)
  region size 1024K, 21 young (21504K), 3 survivors (3072K)
 Metaspace       used 125964K, committed 128000K, reserved 557056K
  class space    used 17143K, committed 18112K, reserved 425984K
}
Event: 1428.341 GC heap after
{Heap after GC invocations=95 (full 0):
 garbage-first heap   total 444416K, used 394099K [0x0000000080000000, 0x0000000100000000)
  region size 1024K, 3 young (3072K), 3 survivors (3072K)
 Metaspace       used 125964K, committed 128000K, reserved 557056K
  class space    used 17143K, committed 18112K, reserved 425984K
}
Event: 1431.821 GC heap before
{Heap before GC invocations=95 (full 0):
 garbage-first heap   total 444416K, used 411507K [0x0000000080000000, 0x0000000100000000)
  region size 1024K, 21 young (21504K), 3 survivors (3072K)
 Metaspace       used 125976K, committed 128064K, reserved 557056K
  class space    used 17144K, committed 18112K, reserved 425984K
}
Event: 1431.856 GC heap after
{Heap after GC invocations=96 (full 0):
 garbage-first heap   total 444416K, used 397812K [0x0000000080000000, 0x0000000100000000)
  region size 1024K, 3 young (3072K), 3 survivors (3072K)
 Metaspace       used 125976K, committed 128064K, reserved 557056K
  class space    used 17144K, committed 18112K, reserved 425984K
}
Event: 1434.329 GC heap before
{Heap before GC invocations=96 (full 0):
 garbage-first heap   total 444416K, used 416244K [0x0000000080000000, 0x0000000100000000)
  region size 1024K, 21 young (21504K), 3 survivors (3072K)
 Metaspace       used 126033K, committed 128128K, reserved 557056K
  class space    used 17146K, committed 18112K, reserved 425984K
}
Event: 1434.425 GC heap after
{Heap after GC invocations=97 (full 0):
 garbage-first heap   total 444416K, used 403456K [0x0000000080000000, 0x0000000100000000)
  region size 1024K, 3 young (3072K), 3 survivors (3072K)
 Metaspace       used 126033K, committed 128128K, reserved 557056K
  class space    used 17146K, committed 18112K, reserved 425984K
}

