# JRE version: Java(TM) SE Runtime Environment (17.0.12+8) (build 17.0.12+8-LTS-286)
# Java VM: Java HotSpot(TM) 64-Bit Server VM (17.0.12+8-LTS-286, mixed mode, sharing, tiered, compressed oops, compressed class ptrs, g1 gc, windows-amd64)
GC Precious Log:
 CPUs: 2 total, 2 available
 Memory: 3918M
 Large Page Support: Disabled
 NUMA Support: Disabled
 Compressed Oops: Enabled (32-bit)
 Heap Region Size: 1M
 Heap Min Capacity: 64M
 Heap Initial Capacity: 64M
 Heap Max Capacity: 64M
 Pre-touch: Disabled
 Parallel Workers: 2
 Concurrent Workers: 1
 Concurrent Refinement Workers: 2
 Periodic GC: Disabled
Heap:
 garbage-first heap   total 65536K, used 34215K [0x00000000fc000000, 0x0000000100000000)
  region size 1024K, 24 young (24576K), 2 survivors (2048K)
 Metaspace       used 10548K, committed 10752K, reserved 1114112K
  class space    used 1331K, committed 1408K, reserved 1048576K
GC Heap History (8 events):
Event: 2.592 GC heap before
{Heap before GC invocations=0 (full 0):
 garbage-first heap   total 65536K, used 6144K [0x00000000fc000000, 0x0000000100000000)
  region size 1024K, 6 young (6144K), 0 survivors (0K)
 Metaspace       used 1673K, committed 1728K, reserved 1114112K
  class space    used 160K, committed 192K, reserved 1048576K
}
Event: 2.689 GC heap after
{Heap after GC invocations=1 (full 0):
 garbage-first heap   total 65536K, used 1661K [0x00000000fc000000, 0x0000000100000000)
  region size 1024K, 1 young (1024K), 1 survivors (1024K)
 Metaspace       used 1673K, committed 1728K, reserved 1114112K
  class space    used 160K, committed 192K, reserved 1048576K
}
Event: 3.937 GC heap before
{Heap before GC invocations=1 (full 0):
 garbage-first heap   total 65536K, used 5757K [0x00000000fc000000, 0x0000000100000000)
  region size 1024K, 6 young (6144K), 1 survivors (1024K)
 Metaspace       used 1723K, committed 1856K, reserved 1114112K
  class space    used 160K, committed 192K, reserved 1048576K
}
Event: 3.940 GC heap after
{Heap after GC invocations=2 (full 0):
 garbage-first heap   total 65536K, used 1896K [0x00000000fc000000, 0x0000000100000000)
  region size 1024K, 1 young (1024K), 1 survivors (1024K)
 Metaspace       used 1723K, committed 1856K, reserved 1114112K
  class space    used 160K, committed 192K, reserved 1048576K
}
Event: 7.088 GC heap before
{Heap before GC invocations=2 (full 0):
 garbage-first heap   total 65536K, used 17256K [0x00000000fc000000, 0x0000000100000000)
  region size 1024K, 13 young (13312K), 1 survivors (1024K)
 Metaspace       used 3769K, committed 3904K, reserved 1114112K
  class space    used 457K, committed 512K, reserved 1048576K
}
Event: 7.093 GC heap after
{Heap after GC invocations=3 (full 0):
 garbage-first heap   total 65536K, used 10453K [0x00000000fc000000, 0x0000000100000000)
  region size 1024K, 2 young (2048K), 2 survivors (2048K)
 Metaspace       used 3769K, committed 3904K, reserved 1114112K
  class space    used 457K, committed 512K, reserved 1048576K
}
Event: 11.105 GC heap before
{Heap before GC invocations=3 (full 0):
 garbage-first heap   total 65536K, used 25813K [0x00000000fc000000, 0x0000000100000000)
  region size 1024K, 18 young (18432K), 2 survivors (2048K)
 Metaspace       used 7976K, committed 8192K, reserved 1114112K
  class space    used 1070K, committed 1216K, reserved 1048576K
}
Event: 11.115 GC heap after
{Heap after GC invocations=4 (full 0):
 garbage-first heap   total 65536K, used 12711K [0x00000000fc000000, 0x0000000100000000)
  region size 1024K, 2 young (2048K), 2 survivors (2048K)
 Metaspace       used 7976K, committed 8192K, reserved 1114112K
  class space    used 1070K, committed 1216K, reserved 1048576K
}

